<?xml version="1.0" encoding="UTF-8"?>
<testsuite xmlns:xsi="http://www.w3.org/2001/XMLSchema-instance" xsi:noNamespaceSchemaLocation="https://maven.apache.org/surefire/maven-surefire-plugin/xsd/surefire-test-report-3.0.xsd" version="3.0" name="qa.runners.CucumberTest" time="17.834" tests="5" errors="0" skipped="0" failures="0">
  <properties>
[...]
</properties>
  <testcase name="Crear un usuario nuevo en signup" classname="APIs Signup/Login Demoblaze" time="3.843">
    <system-out><![CDATA[
@api
Scenario: Crear un usuario nuevo en signup           &amp#27;[90m# src/test/resources/features/api.feature:4&amp#27;[0m
Request method:	POST
Request URI:	https://api.demoblaze.com/signup
Proxy:			<none>
Request params:	<none>
Query params:	<none>
Form params:	<none>
Path params:	<none>
Headers:		Accept=*/*
				Content-Type=application/json
Cookies:		<none>
Multiparts:		<none>
Body:
{
    "password": "Pass123!",
    "username": "qa_34e17039"
}
HTTP/1.1 200 OK
content-type: application/json
x-cloud-trace-context: 289379416131c258c1742570984218bc
date: Tue, 24 Feb 2026 08:08:58 GMT
server: Google Frontend
Content-Length: 3

""
  &amp#27;[32mWhen &amp#27;[0m&amp#27;[32mhago signup con un usuario nuevo&amp#27;[0m              &amp#27;[90m# qa.stepdefinitions.ApiSteps.signupNuevo()&amp#27;[0m
  &amp#27;[32mThen &amp#27;[0m&amp#27;[32mla respuesta de signup no debe contener error&amp#27;[0m &amp#27;[90m# qa.stepdefinitions.ApiSteps.signupSinError()&amp#27;[0m
]]></system-out>
    <system-err><![CDATA[SLF4J: No SLF4J providers were found.
SLF4J: Defaulting to no-operation (NOP) logger implementation
SLF4J: See https://www.slf4j.org/codes.html#noProviders for further details.
]]></system-err>
  </testcase>
  <testcase name="Intentar crear un usuario ya existente" classname="APIs Signup/Login Demoblaze" time="0.897">
    <system-out><![CDATA[
@api
Scenario: Intentar crear un usuario ya existente  &amp#27;[90m# src/test/resources/features/api.feature:8&amp#27;[0m
Request method:	POST
Request URI:	https://api.demoblaze.com/signup
Proxy:			<none>
Request params:	<none>
Query params:	<none>
Form params:	<none>
Path params:	<none>
Headers:		Accept=*/*
				Content-Type=application/json
Cookies:		<none>
Multiparts:		<none>
Body:
{
    "password": "Pass123!",
    "username": "qa_91fa8fe6"
}
HTTP/1.1 200 OK
content-type: application/json
x-cloud-trace-context: 9cfc98facc9d62c90b510766d39c7890
date: Tue, 24 Feb 2026 08:08:59 GMT
server: Google Frontend
Content-Length: 3

""
  &amp#27;[32mGiven &amp#27;[0m&amp#27;[32mexiste un usuario registrado&amp#27;[0m              &amp#27;[90m# qa.stepdefinitions.ApiSteps.existeUsuarioRegistrado()&amp#27;[0m
Request method:	POST
Request URI:	https://api.demoblaze.com/signup
Proxy:			<none>
Request params:	<none>
Query params:	<none>
Form params:	<none>
Path params:	<none>
Headers:		Accept=*/*
				Content-Type=application/json
Cookies:		<none>
Multiparts:		<none>
Body:
{
    "password": "Pass123!",
    "username": "qa_91fa8fe6"
}
HTTP/1.1 200 OK
content-type: application/json
vary: Accept-Encoding
content-encoding: gzip
x-cloud-trace-context: 798ee9fc3b5e88cd8c33f5f830f060cc
date: Tue, 24 Feb 2026 08:08:59 GMT
server: Google Frontend
Transfer-Encoding: chunked

{
    "errorMessage": "This user already exist."
}
  &amp#27;[32mWhen &amp#27;[0m&amp#27;[32mhago signup con el mismo usuario&amp#27;[0m           &amp#27;[90m# qa.stepdefinitions.ApiSteps.signupExistente()&amp#27;[0m
  &amp#27;[32mThen &amp#27;[0m&amp#27;[32mla respuesta de signup debe contener error&amp#27;[0m &amp#27;[90m# qa.stepdefinitions.ApiSteps.signupConError()&amp#27;[0m
]]></system-out>
  </testcase>
  <testcase name="Login con credenciales correctas" classname="APIs Signup/Login Demoblaze" time="0.708">
    <system-out><![CDATA[
@api
Scenario: Login con credenciales correctas    &amp#27;[90m# src/test/resources/features/api.feature:13&amp#27;[0m
Request method:	POST
Request URI:	https://api.demoblaze.com/signup
Proxy:			<none>
Request params:	<none>
Query params:	<none>
Form params:	<none>
Path params:	<none>
Headers:		Accept=*/*
				Content-Type=application/json
Cookies:		<none>
Multiparts:		<none>
Body:
{
    "password": "Pass123!",
    "username": "qa_70350b77"
}
HTTP/1.1 200 OK
content-type: application/json
x-cloud-trace-context: 0a98929c64b7211fe930680397cc1371
date: Tue, 24 Feb 2026 08:08:59 GMT
server: Google Frontend
Content-Length: 3

""
  &amp#27;[32mGiven &amp#27;[0m&amp#27;[32mexiste un usuario registrado&amp#27;[0m          &amp#27;[90m# qa.stepdefinitions.ApiSteps.existeUsuarioRegistrado()&amp#27;[0m
Request method:	POST
Request URI:	https://api.demoblaze.com/login
Proxy:			<none>
Request params:	<none>
Query params:	<none>
Form params:	<none>
Path params:	<none>
Headers:		Accept=*/*
				Content-Type=application/json
Cookies:		<none>
Multiparts:		<none>
Body:
{
    "password": "Pass123!",
    "username": "qa_70350b77"
}
HTTP/1.1 200 OK
content-type: application/json
vary: Accept-Encoding
content-encoding: gzip
x-cloud-trace-context: 2d474754b01eb95b7a866fbb2fb319e1
date: Tue, 24 Feb 2026 08:09:00 GMT
server: Google Frontend
Transfer-Encoding: chunked

"Auth_token: cWFfNzAzNTBiNzcxNzcyNTIw"
  &amp#27;[32mWhen &amp#27;[0m&amp#27;[32mhago login con credenciales correctas&amp#27;[0m  &amp#27;[90m# qa.stepdefinitions.ApiSteps.loginOk()&amp#27;[0m
  &amp#27;[32mThen &amp#27;[0m&amp#27;[32mla respuesta de login debe ser exitosa&amp#27;[0m &amp#27;[90m# qa.stepdefinitions.ApiSteps.loginExitoso()&amp#27;[0m
]]></system-out>
  </testcase>
  <testcase name="Login con credenciales incorrectas" classname="APIs Signup/Login Demoblaze" time="0.713">
    <system-out><![CDATA[
@api
Scenario: Login con credenciales incorrectas     &amp#27;[90m# src/test/resources/features/api.feature:18&amp#27;[0m
Request method:	POST
Request URI:	https://api.demoblaze.com/signup
Proxy:			<none>
Request params:	<none>
Query params:	<none>
Form params:	<none>
Path params:	<none>
Headers:		Accept=*/*
				Content-Type=application/json
Cookies:		<none>
Multiparts:		<none>
Body:
{
    "password": "Pass123!",
    "username": "qa_9c9dbaef"
}
HTTP/1.1 200 OK
content-type: application/json
x-cloud-trace-context: 023cd5e76f66a4518acdf55f9fc5be6f
date: Tue, 24 Feb 2026 08:09:00 GMT
server: Google Frontend
Content-Length: 3

""
  &amp#27;[32mGiven &amp#27;[0m&amp#27;[32mexiste un usuario registrado&amp#27;[0m             &amp#27;[90m# qa.stepdefinitions.ApiSteps.existeUsuarioRegistrado()&amp#27;[0m
Request method:	POST
Request URI:	https://api.demoblaze.com/login
Proxy:			<none>
Request params:	<none>
Query params:	<none>
Form params:	<none>
Path params:	<none>
Headers:		Accept=*/*
				Content-Type=application/json
Cookies:		<none>
Multiparts:		<none>
Body:
{
    "password": "wrong",
    "username": "qa_9c9dbaef"
}
HTTP/1.1 200 OK
content-type: application/json
vary: Accept-Encoding
content-encoding: gzip
x-cloud-trace-context: 7b5c8e808e86a1763edc5d7e8c2e67d3
date: Tue, 24 Feb 2026 08:09:00 GMT
server: Google Frontend
Transfer-Encoding: chunked

{
    "errorMessage": "Wrong password."
}
  &amp#27;[32mWhen &amp#27;[0m&amp#27;[32mhago login con password incorrecta&amp#27;[0m        &amp#27;[90m# qa.stepdefinitions.ApiSteps.loginBad()&amp#27;[0m
  &amp#27;[32mThen &amp#27;[0m&amp#27;[32mla respuesta de login debe contener error&amp#27;[0m &amp#27;[90m# qa.stepdefinitions.ApiSteps.loginDebeTenerError()&amp#27;[0m
]]></system-out>
  </testcase>
  <testcase name="Comprar productos y finalizar compra" classname="Flujo de compra en Demoblaze" time="10.818">
    <system-out><![CDATA[
@e2e
Scenario: Comprar productos y finalizar compra                                &amp#27;[90m# src/test/resources/features/purchase.feature:4&amp#27;[0m
  &amp#27;[32mGiven &amp#27;[0m&amp#27;[32mel usuario abre Demoblaze&amp#27;[0m                                             &amp#27;[90m# qa.stepdefinitions.PurchaseSteps.open()&amp#27;[0m
  &amp#27;[32mWhen &amp#27;[0m&amp#27;[32magrega los productos configurados&amp#27;[0m                                      &amp#27;[90m# qa.stepdefinitions.PurchaseSteps.addConfiguredProducts()&amp#27;[0m
  &amp#27;[32mAnd &amp#27;[0m&amp#27;[32mvisualiza el carrito&amp#27;[0m                                                    &amp#27;[90m# qa.stepdefinitions.PurchaseSteps.viewCart()&amp#27;[0m
  &amp#27;[32mAnd &amp#27;[0m&amp#27;[32mcompleta el formulario de compra con datos validos&amp#27;[0m                      &amp#27;[90m# qa.stepdefinitions.PurchaseSteps.completePurchase()&amp#27;[0m
  &amp#27;[32mThen &amp#27;[0m&amp#27;[32mla compra debe finalizar con el mensaje &amp#27;[0m&amp#27;[32m&amp#27;[1m"Thank you for your purchase!"&amp#27;[0m &amp#27;[90m# qa.stepdefinitions.PurchaseSteps.shouldSeeMessage(java.lang.String)&amp#27;[0m
]]></system-out>
    <system-err><![CDATA[feb. 24, 2026 3:09:02 A. M. org.openqa.selenium.devtools.CdpVersionFinder findNearestMatch
ADVERTENCIA: Unable to find CDP implementation matching 145
feb. 24, 2026 3:09:02 A. M. org.openqa.selenium.chromium.ChromiumDriver lambda$new$5
ADVERTENCIA: Unable to find version of CDP to use for 145.0.7632.110. You may need to include a dependency on a specific version of the CDP using something similar to `org.seleniumhq.selenium:selenium-devtools-v86:4.23.1` where the version ("v86") matches the version of the chromium-based browser you're using and the version number of the artifact is the same as Selenium's.
]]></system-err>
  </testcase>
</testsuite>